<?xml version="1.0" encoding="UTF-8"?>
<!-- Generated by org.testng.reporters.JUnitReportReporter -->
<testsuite hostname="LAPTOP-JCG9MOEG" failures="0" tests="1" name="com.mybanking.testcases.TC_DepositTest_001" time="7.101" errors="0" timestamp="2023-10-24T21:28:39 IST" skipped="0">
  <testcase classname="com.mybanking.testcases.TC_DepositTest_001" name="DepositTest" time="7.101"/>
  <system-out/>
</testsuite> <!-- com.mybanking.testcases.TC_DepositTest_001 -->
