<?xml version="1.0" encoding="UTF-8"?>
<!-- Generated by org.testng.reporters.JUnitReportReporter -->
<testsuite hostname="LAPTOP-JCG9MOEG" failures="0" tests="1" name="com.mybanking.testcases.TC_LoginTest_001" time="7.564" errors="0" timestamp="2023-10-30T21:19:49 IST" skipped="0">
  <testcase classname="com.mybanking.testcases.TC_LoginTest_001" name="loginTest" time="7.564"/>
  <system-out/>
</testsuite> <!-- com.mybanking.testcases.TC_LoginTest_001 -->
